Arguments: 
  C:\Program Files\nodejs\node.exe C:\Program Files (x86)\Yarn\bin\yarn.js install

PATH: 
  C:\Windows\system32;C:\Windows;C:\Windows\System32\Wbem;C:\Windows\System32\WindowsPowerShell\v1.0\;C:\Windows\System32\OpenSSH\;C:\Program Files\nodejs\;C:\Program Files\nodejs;C:\Program Files (x86)\Yarn\bin\;C:\Program Files\Git\cmd;C:\Users\Sispanos\AppData\Local\Microsoft\WindowsApps;C:\Users\Sispanos\AppData\Local\Programs\Microsoft VS Code\bin;C:\Users\Sispanos\AppData\Roaming\npm;C:\Program Files\nodejs;C:\Users\Sispanos\AppData\Local\Yarn\bin

Yarn version: 
  1.19.1

Node version: 
  10.16.3

Platform: 
  win32 x64

Trace: 
  Error: https://registry.yarnpkg.com/rxjs/-/rxjs-6.5.3.tgz: ESOCKETTIMEDOUT
      at ClientRequest.<anonymous> (C:\Program Files (x86)\Yarn\lib\cli.js:141191:19)
      at Object.onceWrapper (events.js:286:20)
      at ClientRequest.emit (events.js:198:13)
      at TLSSocket.emitRequestTimeout (_http_client.js:662:40)
      at Object.onceWrapper (events.js:286:20)
      at TLSSocket.emit (events.js:198:13)
      at TLSSocket.Socket._onTimeout (net.js:442:8)
      at ontimeout (timers.js:436:11)
      at tryOnTimeout (timers.js:300:5)
      at listOnTimeout (timers.js:263:5)

npm manifest: 
  {
    "name": "hotel-app",
    "version": "0.1.0",
    "private": true,
    "dependencies": {
      "autoprefixer": "^9.6.4",
      "lodash": "^4.17.15",
      "node-sass": "^4.12.0",
      "react": "^16.10.2",
      "react-dom": "^16.10.2",
      "react-modal": "^3.10.1",
      "react-redux": "^7.1.1",
      "react-scripts": "3.2.0",
      "redux": "^4.0.4",
      "redux-devtools-extension": "^2.13.8"
    },
    "scripts": {
      "start": "react-scripts start",
      "build": "react-scripts build",
      "test": "react-scripts test",
      "eject": "react-scripts eject"
    },
    "eslintConfig": {
      "extends": "react-app"
    },
    "browserslist": {
      "production": [
        ">0.2%",
        "not dead",
        "not op_mini all"
      ],
      "development": [
        "last 1 chrome version",
        "last 1 firefox version",
        "last 1 safari version"
      ]
    }
  }

yarn manifest: 
  No manifest

Lockfile: 
  No lockfile
